{"time": "2024-08-15 20:25:16,130", "level": "DEBUG", "message": {"transaction_id": 249869, "user_id": 3580, "amount": 556.91, "currency": "EUR", "status": "PENDING", "timestamp": "2024-08-15T14:55:16.130886"}}
{"time": "2024-08-15 20:25:16,236", "level": "DEBUG", "message": {"transaction_id": 296489, "user_id": 4401, "amount": 850.98, "currency": "EUR", "status": "FAILED", "timestamp": "2024-08-15T14:55:16.236780"}}
{"time": "2024-08-15 20:25:16,337", "level": "DEBUG", "message": {"transaction_id": 257102, "user_id": 8788, "amount": 48.23, "currency": "GBP", "status": "PENDING", "timestamp": "2024-08-15T14:55:16.337533"}}
{"time": "2024-08-15 20:25:16,438", "level": "DEBUG", "message": {"transaction_id": 829914, "user_id": 3564, "amount": 866.45, "currency": "EUR", "status": "PENDING", "timestamp": "2024-08-15T14:55:16.438584"}}
{"time": "2024-08-15 20:25:16,539", "level": "DEBUG", "message": {"transaction_id": 831320, "user_id": 5732, "amount": 901.53, "currency": "GBP", "status": "SUCCESS", "timestamp": "2024-08-15T14:55:16.539912"}}
{"time": "2024-08-15 20:25:16,640", "level": "DEBUG", "message": {"transaction_id": 231835, "user_id": 7209, "amount": 10.8, "currency": "GBP", "status": "FAILED", "timestamp": "2024-08-15T14:55:16.640720"}}
{"time": "2024-08-15 20:25:16,741", "level": "DEBUG", "message": {"transaction_id": 426522, "user_id": 7035, "amount": 834.66, "currency": "USD", "status": "SUCCESS", "timestamp": "2024-08-15T14:55:16.741468"}}
{"time": "2024-08-15 20:25:16,842", "level": "DEBUG", "message": {"transaction_id": 430059, "user_id": 6558, "amount": 982.03, "currency": "USD", "status": "SUCCESS", "timestamp": "2024-08-15T14:55:16.842382"}}
{"time": "2024-08-15 20:25:16,943", "level": "DEBUG", "message": {"transaction_id": 284419, "user_id": 3168, "amount": 818.41, "currency": "USD", "status": "FAILED", "timestamp": "2024-08-15T14:55:16.943072"}}
{"time": "2024-08-15 20:25:17,043", "level": "DEBUG", "message": {"transaction_id": 718983, "user_id": 8679, "amount": 58.06, "currency": "GBP", "status": "FAILED", "timestamp": "2024-08-15T14:55:17.043851"}}
{"time": "2024-08-15 20:25:17,121", "level": "DEBUG", "message": {"transaction_id": 129617, "user_id": 6072, "amount": 536.11, "currency": "EUR", "status": "FAILED", "timestamp": "2024-08-15T14:55:17.121220"}}
{"time": "2024-08-15 20:25:17,144", "level": "DEBUG", "message": {"transaction_id": 686419, "user_id": 2164, "amount": 40.9, "currency": "EUR", "status": "PENDING", "timestamp": "2024-08-15T14:55:17.144459"}}
{"time": "2024-08-15 20:25:17,226", "level": "DEBUG", "message": {"transaction_id": 622412, "user_id": 6532, "amount": 233.57, "currency": "USD", "status": "PENDING", "timestamp": "2024-08-15T14:55:17.226559"}}
{"time": "2024-08-15 20:25:17,245", "level": "DEBUG", "message": {"transaction_id": 344427, "user_id": 6400, "amount": 238.64, "currency": "USD", "status": "PENDING", "timestamp": "2024-08-15T14:55:17.245072"}}
{"time": "2024-08-15 20:25:17,328", "level": "DEBUG", "message": {"transaction_id": 929587, "user_id": 3469, "amount": 777.01, "currency": "EUR", "status": "FAILED", "timestamp": "2024-08-15T14:55:17.328437"}}
{"time": "2024-08-15 20:25:17,346", "level": "DEBUG", "message": {"transaction_id": 111452, "user_id": 8172, "amount": 140.02, "currency": "USD", "status": "SUCCESS", "timestamp": "2024-08-15T14:55:17.346755"}}
{"time": "2024-08-15 20:25:17,429", "level": "DEBUG", "message": {"transaction_id": 642351, "user_id": 3309, "amount": 668.6, "currency": "USD", "status": "PENDING", "timestamp": "2024-08-15T14:55:17.429788"}}
{"time": "2024-08-15 20:25:17,447", "level": "DEBUG", "message": {"transaction_id": 679622, "user_id": 7031, "amount": 703.83, "currency": "USD", "status": "PENDING", "timestamp": "2024-08-15T14:55:17.447987"}}
{"time": "2024-08-15 20:25:17,532", "level": "DEBUG", "message": {"transaction_id": 162625, "user_id": 6835, "amount": 704.74, "currency": "USD", "status": "SUCCESS", "timestamp": "2024-08-15T14:55:17.532953"}}
{"time": "2024-08-15 20:25:17,549", "level": "DEBUG", "message": {"transaction_id": 265113, "user_id": 5272, "amount": 11.44, "currency": "USD", "status": "SUCCESS", "timestamp": "2024-08-15T14:55:17.549176"}}
{"time": "2024-08-15 20:25:17,633", "level": "DEBUG", "message": {"transaction_id": 693268, "user_id": 3097, "amount": 545.77, "currency": "EUR", "status": "FAILED", "timestamp": "2024-08-15T14:55:17.633854"}}
{"time": "2024-08-15 20:25:17,650", "level": "DEBUG", "message": {"transaction_id": 686914, "user_id": 8034, "amount": 311.41, "currency": "EUR", "status": "PENDING", "timestamp": "2024-08-15T14:55:17.650551"}}
{"time": "2024-08-15 20:25:17,735", "level": "DEBUG", "message": {"transaction_id": 807709, "user_id": 6648, "amount": 626.96, "currency": "USD", "status": "SUCCESS", "timestamp": "2024-08-15T14:55:17.735205"}}
{"time": "2024-08-15 20:25:17,751", "level": "DEBUG", "message": {"transaction_id": 369156, "user_id": 8231, "amount": 221.23, "currency": "EUR", "status": "PENDING", "timestamp": "2024-08-15T14:55:17.751652"}}
{"time": "2024-08-15 20:25:17,836", "level": "DEBUG", "message": {"transaction_id": 612346, "user_id": 6748, "amount": 68.07, "currency": "GBP", "status": "SUCCESS", "timestamp": "2024-08-15T14:55:17.836813"}}
{"time": "2024-08-15 20:25:17,853", "level": "DEBUG", "message": {"transaction_id": 765838, "user_id": 4014, "amount": 675.46, "currency": "GBP", "status": "SUCCESS", "timestamp": "2024-08-15T14:55:17.853109"}}
{"time": "2024-08-15 20:25:17,938", "level": "DEBUG", "message": {"transaction_id": 121670, "user_id": 9424, "amount": 361.83, "currency": "EUR", "status": "FAILED", "timestamp": "2024-08-15T14:55:17.938286"}}
{"time": "2024-08-15 20:25:17,954", "level": "DEBUG", "message": {"transaction_id": 458749, "user_id": 6814, "amount": 799.19, "currency": "EUR", "status": "FAILED", "timestamp": "2024-08-15T14:55:17.954581"}}
{"time": "2024-08-15 20:25:18,039", "level": "DEBUG", "message": {"transaction_id": 372641, "user_id": 2559, "amount": 620.84, "currency": "USD", "status": "PENDING", "timestamp": "2024-08-15T14:55:18.039738"}}
{"time": "2024-08-15 20:25:18,055", "level": "DEBUG", "message": {"transaction_id": 969772, "user_id": 6983, "amount": 368.74, "currency": "USD", "status": "PENDING", "timestamp": "2024-08-15T14:55:18.055897"}}
{"time": "2024-08-15 20:25:18,141", "level": "DEBUG", "message": {"transaction_id": 562668, "user_id": 2338, "amount": 683.2, "currency": "EUR", "status": "FAILED", "timestamp": "2024-08-15T14:55:18.141542"}}
{"time": "2024-08-15 20:25:18,157", "level": "DEBUG", "message": {"transaction_id": 234124, "user_id": 7586, "amount": 468.76, "currency": "EUR", "status": "FAILED", "timestamp": "2024-08-15T14:55:18.157255"}}
{"time": "2024-08-15 20:25:18,242", "level": "DEBUG", "message": {"transaction_id": 412651, "user_id": 3838, "amount": 802.46, "currency": "EUR", "status": "FAILED", "timestamp": "2024-08-15T14:55:18.242586"}}
{"time": "2024-08-15 20:25:18,258", "level": "DEBUG", "message": {"transaction_id": 459093, "user_id": 7003, "amount": 718.2, "currency": "USD", "status": "SUCCESS", "timestamp": "2024-08-15T14:55:18.258406"}}
{"time": "2024-08-15 20:25:18,344", "level": "DEBUG", "message": {"transaction_id": 701119, "user_id": 2078, "amount": 10.79, "currency": "EUR", "status": "SUCCESS", "timestamp": "2024-08-15T14:55:18.344011"}}
{"time": "2024-08-15 20:25:18,359", "level": "DEBUG", "message": {"transaction_id": 700476, "user_id": 5241, "amount": 494.75, "currency": "GBP", "status": "SUCCESS", "timestamp": "2024-08-15T14:55:18.359850"}}
{"time": "2024-08-15 20:25:18,445", "level": "DEBUG", "message": {"transaction_id": 235357, "user_id": 2965, "amount": 559.66, "currency": "EUR", "status": "SUCCESS", "timestamp": "2024-08-15T14:55:18.445174"}}
{"time": "2024-08-15 20:25:18,460", "level": "DEBUG", "message": {"transaction_id": 513989, "user_id": 1048, "amount": 251.79, "currency": "EUR", "status": "PENDING", "timestamp": "2024-08-15T14:55:18.460827"}}
{"time": "2024-08-15 20:25:18,546", "level": "DEBUG", "message": {"transaction_id": 655012, "user_id": 7405, "amount": 933.51, "currency": "GBP", "status": "SUCCESS", "timestamp": "2024-08-15T14:55:18.546173"}}
{"time": "2024-08-15 20:25:18,561", "level": "DEBUG", "message": {"transaction_id": 605676, "user_id": 1676, "amount": 489.93, "currency": "EUR", "status": "PENDING", "timestamp": "2024-08-15T14:55:18.561823"}}
{"time": "2024-08-15 20:25:18,647", "level": "DEBUG", "message": {"transaction_id": 545319, "user_id": 9935, "amount": 371.88, "currency": "EUR", "status": "PENDING", "timestamp": "2024-08-15T14:55:18.647487"}}
{"time": "2024-08-15 20:25:18,662", "level": "DEBUG", "message": {"transaction_id": 643604, "user_id": 9998, "amount": 127.42, "currency": "GBP", "status": "SUCCESS", "timestamp": "2024-08-15T14:55:18.662936"}}
{"time": "2024-08-15 20:25:18,748", "level": "DEBUG", "message": {"transaction_id": 479107, "user_id": 5940, "amount": 393.56, "currency": "EUR", "status": "SUCCESS", "timestamp": "2024-08-15T14:55:18.748952"}}
{"time": "2024-08-15 20:25:18,764", "level": "DEBUG", "message": {"transaction_id": 383086, "user_id": 5683, "amount": 482.72, "currency": "GBP", "status": "PENDING", "timestamp": "2024-08-15T14:55:18.764067"}}
{"time": "2024-08-15 20:25:18,850", "level": "DEBUG", "message": {"transaction_id": 338532, "user_id": 3331, "amount": 375.52, "currency": "GBP", "status": "FAILED", "timestamp": "2024-08-15T14:55:18.850642"}}
{"time": "2024-08-15 20:25:18,865", "level": "DEBUG", "message": {"transaction_id": 698713, "user_id": 3790, "amount": 987.04, "currency": "GBP", "status": "FAILED", "timestamp": "2024-08-15T14:55:18.865218"}}
{"time": "2024-08-15 20:25:18,951", "level": "DEBUG", "message": {"transaction_id": 287629, "user_id": 9204, "amount": 448.74, "currency": "EUR", "status": "SUCCESS", "timestamp": "2024-08-15T14:55:18.951678"}}
{"time": "2024-08-15 20:25:18,966", "level": "DEBUG", "message": {"transaction_id": 937078, "user_id": 8737, "amount": 815.21, "currency": "EUR", "status": "SUCCESS", "timestamp": "2024-08-15T14:55:18.966239"}}
{"time": "2024-08-15 20:25:19,052", "level": "DEBUG", "message": {"transaction_id": 119461, "user_id": 3400, "amount": 445.57, "currency": "EUR", "status": "FAILED", "timestamp": "2024-08-15T14:55:19.052549"}}
{"time": "2024-08-15 20:25:19,067", "level": "DEBUG", "message": {"transaction_id": 570126, "user_id": 4212, "amount": 795.47, "currency": "EUR", "status": "SUCCESS", "timestamp": "2024-08-15T14:55:19.067306"}}
{"time": "2024-08-15 20:25:19,153", "level": "DEBUG", "message": {"transaction_id": 968431, "user_id": 6693, "amount": 885.96, "currency": "GBP", "status": "SUCCESS", "timestamp": "2024-08-15T14:55:19.153677"}}
{"time": "2024-08-15 20:25:19,168", "level": "DEBUG", "message": {"transaction_id": 278395, "user_id": 1698, "amount": 384.06, "currency": "GBP", "status": "SUCCESS", "timestamp": "2024-08-15T14:55:19.168388"}}
{"time": "2024-08-15 20:25:19,254", "level": "DEBUG", "message": {"transaction_id": 687880, "user_id": 1692, "amount": 367.13, "currency": "EUR", "status": "PENDING", "timestamp": "2024-08-15T14:55:19.254774"}}
{"time": "2024-08-15 20:25:19,275", "level": "DEBUG", "message": {"transaction_id": 453650, "user_id": 1101, "amount": 622.02, "currency": "USD", "status": "FAILED", "timestamp": "2024-08-15T14:55:19.275038"}}
{"time": "2024-08-15 20:25:19,356", "level": "DEBUG", "message": {"transaction_id": 755944, "user_id": 1693, "amount": 484.1, "currency": "GBP", "status": "PENDING", "timestamp": "2024-08-15T14:55:19.356764"}}
{"time": "2024-08-15 20:25:19,377", "level": "DEBUG", "message": {"transaction_id": 644374, "user_id": 5764, "amount": 233.16, "currency": "USD", "status": "PENDING", "timestamp": "2024-08-15T14:55:19.377982"}}
{"time": "2024-08-15 20:25:19,457", "level": "DEBUG", "message": {"transaction_id": 141875, "user_id": 5753, "amount": 676.42, "currency": "EUR", "status": "PENDING", "timestamp": "2024-08-15T14:55:19.457742"}}
{"time": "2024-08-15 20:25:19,478", "level": "DEBUG", "message": {"transaction_id": 463628, "user_id": 9122, "amount": 534.57, "currency": "USD", "status": "SUCCESS", "timestamp": "2024-08-15T14:55:19.478432"}}
{"time": "2024-08-15 20:25:19,559", "level": "DEBUG", "message": {"transaction_id": 821889, "user_id": 4787, "amount": 636.12, "currency": "EUR", "status": "FAILED", "timestamp": "2024-08-15T14:55:19.558426"}}
{"time": "2024-08-15 20:25:19,579", "level": "DEBUG", "message": {"transaction_id": 699133, "user_id": 7712, "amount": 109.97, "currency": "GBP", "status": "SUCCESS", "timestamp": "2024-08-15T14:55:19.579193"}}
{"time": "2024-08-15 20:25:19,665", "level": "DEBUG", "message": {"transaction_id": 286058, "user_id": 8778, "amount": 656.71, "currency": "USD", "status": "PENDING", "timestamp": "2024-08-15T14:55:19.662085"}}
{"time": "2024-08-15 20:25:19,685", "level": "DEBUG", "message": {"transaction_id": 109481, "user_id": 3005, "amount": 970.89, "currency": "USD", "status": "PENDING", "timestamp": "2024-08-15T14:55:19.684095"}}
{"time": "2024-08-15 20:25:19,767", "level": "DEBUG", "message": {"transaction_id": 435896, "user_id": 7034, "amount": 410.31, "currency": "GBP", "status": "SUCCESS", "timestamp": "2024-08-15T14:55:19.767371"}}
{"time": "2024-08-15 20:25:19,788", "level": "DEBUG", "message": {"transaction_id": 394960, "user_id": 9593, "amount": 601.74, "currency": "GBP", "status": "SUCCESS", "timestamp": "2024-08-15T14:55:19.788412"}}
{"time": "2024-08-15 20:25:19,869", "level": "DEBUG", "message": {"transaction_id": 243242, "user_id": 5208, "amount": 144.16, "currency": "USD", "status": "PENDING", "timestamp": "2024-08-15T14:55:19.869764"}}
{"time": "2024-08-15 20:25:19,889", "level": "DEBUG", "message": {"transaction_id": 485640, "user_id": 3886, "amount": 610.39, "currency": "USD", "status": "PENDING", "timestamp": "2024-08-15T14:55:19.889006"}}
{"time": "2024-08-15 20:25:19,971", "level": "DEBUG", "message": {"transaction_id": 962839, "user_id": 2509, "amount": 323.45, "currency": "USD", "status": "SUCCESS", "timestamp": "2024-08-15T14:55:19.971592"}}
{"time": "2024-08-15 20:25:19,989", "level": "DEBUG", "message": {"transaction_id": 877638, "user_id": 7612, "amount": 491.18, "currency": "USD", "status": "FAILED", "timestamp": "2024-08-15T14:55:19.989692"}}
{"time": "2024-08-15 20:25:20,072", "level": "DEBUG", "message": {"transaction_id": 147920, "user_id": 4656, "amount": 278.97, "currency": "USD", "status": "PENDING", "timestamp": "2024-08-15T14:55:20.072428"}}
{"time": "2024-08-15 20:25:20,090", "level": "DEBUG", "message": {"transaction_id": 946075, "user_id": 3176, "amount": 11.84, "currency": "GBP", "status": "PENDING", "timestamp": "2024-08-15T14:55:20.090669"}}
{"time": "2024-08-15 20:25:20,173", "level": "DEBUG", "message": {"transaction_id": 155679, "user_id": 6730, "amount": 380.47, "currency": "GBP", "status": "SUCCESS", "timestamp": "2024-08-15T14:55:20.173349"}}
{"time": "2024-08-15 20:25:20,191", "level": "DEBUG", "message": {"transaction_id": 604299, "user_id": 2433, "amount": 294.46, "currency": "USD", "status": "SUCCESS", "timestamp": "2024-08-15T14:55:20.191559"}}
{"time": "2024-08-15 20:25:20,274", "level": "DEBUG", "message": {"transaction_id": 910002, "user_id": 5599, "amount": 530.29, "currency": "USD", "status": "FAILED", "timestamp": "2024-08-15T14:55:20.274519"}}
{"time": "2024-08-15 20:25:20,293", "level": "DEBUG", "message": {"transaction_id": 865405, "user_id": 1455, "amount": 181.89, "currency": "GBP", "status": "SUCCESS", "timestamp": "2024-08-15T14:55:20.293652"}}
{"time": "2024-08-15 20:25:20,417", "level": "DEBUG", "message": {"transaction_id": 672019, "user_id": 4015, "amount": 156.66, "currency": "USD", "status": "PENDING", "timestamp": "2024-08-15T14:55:20.417443"}}
{"time": "2024-08-15 20:25:20,466", "level": "DEBUG", "message": {"transaction_id": 476586, "user_id": 4845, "amount": 551.38, "currency": "USD", "status": "PENDING", "timestamp": "2024-08-15T14:55:20.466916"}}
{"time": "2024-08-15 20:25:20,519", "level": "DEBUG", "message": {"transaction_id": 375648, "user_id": 3152, "amount": 772.87, "currency": "EUR", "status": "PENDING", "timestamp": "2024-08-15T14:55:20.519012"}}
{"time": "2024-08-15 20:25:20,570", "level": "DEBUG", "message": {"transaction_id": 746149, "user_id": 5544, "amount": 513.34, "currency": "GBP", "status": "PENDING", "timestamp": "2024-08-15T14:55:20.570348"}}
{"time": "2024-08-15 20:25:20,620", "level": "DEBUG", "message": {"transaction_id": 184527, "user_id": 1075, "amount": 545.64, "currency": "GBP", "status": "FAILED", "timestamp": "2024-08-15T14:55:20.620066"}}
{"time": "2024-08-15 20:25:20,671", "level": "DEBUG", "message": {"transaction_id": 563088, "user_id": 2510, "amount": 739.89, "currency": "USD", "status": "FAILED", "timestamp": "2024-08-15T14:55:20.671035"}}
{"time": "2024-08-15 20:25:20,720", "level": "DEBUG", "message": {"transaction_id": 861545, "user_id": 9328, "amount": 672.69, "currency": "GBP", "status": "SUCCESS", "timestamp": "2024-08-15T14:55:20.720834"}}
{"time": "2024-08-15 20:25:20,773", "level": "DEBUG", "message": {"transaction_id": 596250, "user_id": 3998, "amount": 946.59, "currency": "GBP", "status": "SUCCESS", "timestamp": "2024-08-15T14:55:20.773172"}}
{"time": "2024-08-15 20:25:20,822", "level": "DEBUG", "message": {"transaction_id": 785315, "user_id": 7596, "amount": 855.33, "currency": "EUR", "status": "PENDING", "timestamp": "2024-08-15T14:55:20.822608"}}
{"time": "2024-08-15 20:25:20,874", "level": "DEBUG", "message": {"transaction_id": 771135, "user_id": 1218, "amount": 22.6, "currency": "EUR", "status": "PENDING", "timestamp": "2024-08-15T14:55:20.874674"}}
{"time": "2024-08-15 20:25:20,925", "level": "DEBUG", "message": {"transaction_id": 151168, "user_id": 4108, "amount": 372.14, "currency": "EUR", "status": "SUCCESS", "timestamp": "2024-08-15T14:55:20.925202"}}
{"time": "2024-08-15 20:25:20,975", "level": "DEBUG", "message": {"transaction_id": 608784, "user_id": 3576, "amount": 680.19, "currency": "EUR", "status": "PENDING", "timestamp": "2024-08-15T14:55:20.975993"}}
{"time": "2024-08-15 20:25:21,026", "level": "DEBUG", "message": {"transaction_id": 836402, "user_id": 2669, "amount": 308.64, "currency": "GBP", "status": "FAILED", "timestamp": "2024-08-15T14:55:21.026361"}}
{"time": "2024-08-15 20:25:21,076", "level": "DEBUG", "message": {"transaction_id": 881268, "user_id": 6003, "amount": 10.1, "currency": "USD", "status": "FAILED", "timestamp": "2024-08-15T14:55:21.076650"}}
{"time": "2024-08-15 20:25:21,127", "level": "DEBUG", "message": {"transaction_id": 960934, "user_id": 9212, "amount": 948.35, "currency": "USD", "status": "SUCCESS", "timestamp": "2024-08-15T14:55:21.127777"}}
{"time": "2024-08-15 20:25:21,179", "level": "DEBUG", "message": {"transaction_id": 293948, "user_id": 4926, "amount": 129.16, "currency": "USD", "status": "SUCCESS", "timestamp": "2024-08-15T14:55:21.179388"}}
{"time": "2024-08-15 20:25:21,229", "level": "DEBUG", "message": {"transaction_id": 785255, "user_id": 2940, "amount": 478.01, "currency": "USD", "status": "FAILED", "timestamp": "2024-08-15T14:55:21.229000"}}
{"time": "2024-08-15 20:25:21,280", "level": "DEBUG", "message": {"transaction_id": 602216, "user_id": 3715, "amount": 256.69, "currency": "USD", "status": "SUCCESS", "timestamp": "2024-08-15T14:55:21.280223"}}
{"time": "2024-08-15 20:25:21,330", "level": "DEBUG", "message": {"transaction_id": 278969, "user_id": 8468, "amount": 686.52, "currency": "USD", "status": "PENDING", "timestamp": "2024-08-15T14:55:21.330568"}}
{"time": "2024-08-15 20:25:21,381", "level": "DEBUG", "message": {"transaction_id": 114559, "user_id": 5416, "amount": 50.03, "currency": "USD", "status": "SUCCESS", "timestamp": "2024-08-15T14:55:21.381430"}}
{"time": "2024-08-15 20:25:21,432", "level": "DEBUG", "message": {"transaction_id": 370892, "user_id": 7850, "amount": 518.25, "currency": "GBP", "status": "SUCCESS", "timestamp": "2024-08-15T14:55:21.432407"}}
{"time": "2024-08-15 20:25:21,486", "level": "DEBUG", "message": {"transaction_id": 436023, "user_id": 7213, "amount": 952.01, "currency": "GBP", "status": "SUCCESS", "timestamp": "2024-08-15T14:55:21.484948"}}
{"time": "2024-08-15 20:25:21,534", "level": "DEBUG", "message": {"transaction_id": 543442, "user_id": 2437, "amount": 80.7, "currency": "EUR", "status": "PENDING", "timestamp": "2024-08-15T14:55:21.534179"}}
{"time": "2024-08-15 20:25:21,604", "level": "DEBUG", "message": {"transaction_id": 429458, "user_id": 5709, "amount": 483.39, "currency": "USD", "status": "PENDING", "timestamp": "2024-08-15T14:55:21.604204"}}
{"time": "2024-08-15 20:25:21,635", "level": "DEBUG", "message": {"transaction_id": 300577, "user_id": 6914, "amount": 114.5, "currency": "EUR", "status": "FAILED", "timestamp": "2024-08-15T14:55:21.635656"}}
{"time": "2024-08-15 20:25:21,704", "level": "DEBUG", "message": {"transaction_id": 248085, "user_id": 2271, "amount": 768.49, "currency": "GBP", "status": "SUCCESS", "timestamp": "2024-08-15T14:55:21.704698"}}
{"time": "2024-08-15 20:25:21,736", "level": "DEBUG", "message": {"transaction_id": 113865, "user_id": 7401, "amount": 921.78, "currency": "EUR", "status": "SUCCESS", "timestamp": "2024-08-15T14:55:21.736312"}}
{"time": "2024-08-15 20:25:21,805", "level": "DEBUG", "message": {"transaction_id": 733152, "user_id": 6605, "amount": 756.09, "currency": "GBP", "status": "SUCCESS", "timestamp": "2024-08-15T14:55:21.805937"}}
{"time": "2024-08-15 20:25:21,837", "level": "DEBUG", "message": {"transaction_id": 831513, "user_id": 6361, "amount": 929.07, "currency": "EUR", "status": "SUCCESS", "timestamp": "2024-08-15T14:55:21.837469"}}
{"time": "2024-08-15 20:25:21,907", "level": "DEBUG", "message": {"transaction_id": 827335, "user_id": 8723, "amount": 367.88, "currency": "USD", "status": "SUCCESS", "timestamp": "2024-08-15T14:55:21.907699"}}
{"time": "2024-08-15 20:25:21,938", "level": "DEBUG", "message": {"transaction_id": 194467, "user_id": 5193, "amount": 918.81, "currency": "GBP", "status": "FAILED", "timestamp": "2024-08-15T14:55:21.938674"}}
{"time": "2024-08-15 20:25:22,009", "level": "DEBUG", "message": {"transaction_id": 517393, "user_id": 7068, "amount": 557.99, "currency": "USD", "status": "SUCCESS", "timestamp": "2024-08-15T14:55:22.009454"}}
{"time": "2024-08-15 20:25:22,039", "level": "DEBUG", "message": {"transaction_id": 789446, "user_id": 4696, "amount": 667.74, "currency": "USD", "status": "FAILED", "timestamp": "2024-08-15T14:55:22.039666"}}
{"time": "2024-08-15 20:25:22,110", "level": "DEBUG", "message": {"transaction_id": 352043, "user_id": 2500, "amount": 784.19, "currency": "GBP", "status": "SUCCESS", "timestamp": "2024-08-15T14:55:22.110619"}}
{"time": "2024-08-15 20:25:22,141", "level": "DEBUG", "message": {"transaction_id": 266855, "user_id": 3983, "amount": 406.49, "currency": "USD", "status": "PENDING", "timestamp": "2024-08-15T14:55:22.141600"}}
{"time": "2024-08-15 20:25:22,212", "level": "DEBUG", "message": {"transaction_id": 835501, "user_id": 9310, "amount": 300.05, "currency": "USD", "status": "FAILED", "timestamp": "2024-08-15T14:55:22.212843"}}
{"time": "2024-08-15 20:25:22,242", "level": "DEBUG", "message": {"transaction_id": 422408, "user_id": 4176, "amount": 798.86, "currency": "USD", "status": "FAILED", "timestamp": "2024-08-15T14:55:22.242906"}}
{"time": "2024-08-15 20:25:22,314", "level": "DEBUG", "message": {"transaction_id": 259478, "user_id": 2572, "amount": 193.52, "currency": "EUR", "status": "FAILED", "timestamp": "2024-08-15T14:55:22.314257"}}
{"time": "2024-08-15 20:25:22,344", "level": "DEBUG", "message": {"transaction_id": 436455, "user_id": 9308, "amount": 749.68, "currency": "USD", "status": "PENDING", "timestamp": "2024-08-15T14:55:22.344088"}}
{"time": "2024-08-15 20:25:22,415", "level": "DEBUG", "message": {"transaction_id": 909053, "user_id": 1499, "amount": 910.97, "currency": "USD", "status": "PENDING", "timestamp": "2024-08-15T14:55:22.415432"}}
{"time": "2024-08-15 20:25:22,445", "level": "DEBUG", "message": {"transaction_id": 825758, "user_id": 8979, "amount": 904.72, "currency": "EUR", "status": "FAILED", "timestamp": "2024-08-15T14:55:22.445348"}}
{"time": "2024-08-15 20:25:22,516", "level": "DEBUG", "message": {"transaction_id": 179242, "user_id": 9404, "amount": 499.7, "currency": "EUR", "status": "SUCCESS", "timestamp": "2024-08-15T14:55:22.516516"}}
{"time": "2024-08-15 20:25:22,546", "level": "DEBUG", "message": {"transaction_id": 958033, "user_id": 2020, "amount": 638.69, "currency": "GBP", "status": "PENDING", "timestamp": "2024-08-15T14:55:22.546693"}}
{"time": "2024-08-15 20:25:22,617", "level": "DEBUG", "message": {"transaction_id": 128897, "user_id": 8686, "amount": 900.97, "currency": "EUR", "status": "SUCCESS", "timestamp": "2024-08-15T14:55:22.617705"}}
{"time": "2024-08-15 20:25:22,648", "level": "DEBUG", "message": {"transaction_id": 920537, "user_id": 9936, "amount": 359.84, "currency": "EUR", "status": "FAILED", "timestamp": "2024-08-15T14:55:22.648358"}}
{"time": "2024-08-15 20:25:22,718", "level": "DEBUG", "message": {"transaction_id": 471156, "user_id": 5175, "amount": 70.3, "currency": "GBP", "status": "SUCCESS", "timestamp": "2024-08-15T14:55:22.718804"}}
{"time": "2024-08-15 20:25:22,749", "level": "DEBUG", "message": {"transaction_id": 200280, "user_id": 2107, "amount": 637.31, "currency": "USD", "status": "SUCCESS", "timestamp": "2024-08-15T14:55:22.749475"}}
{"time": "2024-08-15 20:25:22,819", "level": "DEBUG", "message": {"transaction_id": 984024, "user_id": 9065, "amount": 411.44, "currency": "GBP", "status": "SUCCESS", "timestamp": "2024-08-15T14:55:22.819891"}}
{"time": "2024-08-15 20:25:22,850", "level": "DEBUG", "message": {"transaction_id": 766839, "user_id": 3854, "amount": 464.87, "currency": "USD", "status": "PENDING", "timestamp": "2024-08-15T14:55:22.850442"}}
{"time": "2024-08-15 20:25:22,924", "level": "DEBUG", "message": {"transaction_id": 600240, "user_id": 5656, "amount": 476.36, "currency": "GBP", "status": "SUCCESS", "timestamp": "2024-08-15T14:55:22.924396"}}
{"time": "2024-08-15 20:25:22,951", "level": "DEBUG", "message": {"transaction_id": 731538, "user_id": 7422, "amount": 103.83, "currency": "GBP", "status": "PENDING", "timestamp": "2024-08-15T14:55:22.951365"}}
{"time": "2024-08-15 20:25:23,027", "level": "DEBUG", "message": {"transaction_id": 297717, "user_id": 2091, "amount": 102.91, "currency": "EUR", "status": "FAILED", "timestamp": "2024-08-15T14:55:23.027495"}}
{"time": "2024-08-15 20:25:23,052", "level": "DEBUG", "message": {"transaction_id": 677369, "user_id": 7317, "amount": 501.68, "currency": "EUR", "status": "FAILED", "timestamp": "2024-08-15T14:55:23.052185"}}
{"time": "2024-08-15 20:25:23,128", "level": "DEBUG", "message": {"transaction_id": 282472, "user_id": 1119, "amount": 277.36, "currency": "GBP", "status": "PENDING", "timestamp": "2024-08-15T14:55:23.128213"}}
{"time": "2024-08-15 20:25:23,152", "level": "DEBUG", "message": {"transaction_id": 639521, "user_id": 1257, "amount": 273.46, "currency": "EUR", "status": "SUCCESS", "timestamp": "2024-08-15T14:55:23.152702"}}
{"time": "2024-08-15 20:25:23,229", "level": "DEBUG", "message": {"transaction_id": 700771, "user_id": 7855, "amount": 673.79, "currency": "EUR", "status": "SUCCESS", "timestamp": "2024-08-15T14:55:23.229815"}}
{"time": "2024-08-15 20:25:23,253", "level": "DEBUG", "message": {"transaction_id": 931870, "user_id": 7830, "amount": 248.23, "currency": "USD", "status": "PENDING", "timestamp": "2024-08-15T14:55:23.253853"}}
{"time": "2024-08-15 20:25:23,330", "level": "DEBUG", "message": {"transaction_id": 285737, "user_id": 1741, "amount": 539.63, "currency": "GBP", "status": "FAILED", "timestamp": "2024-08-15T14:55:23.330681"}}
{"time": "2024-08-15 20:25:23,354", "level": "DEBUG", "message": {"transaction_id": 924517, "user_id": 8155, "amount": 678.8, "currency": "USD", "status": "SUCCESS", "timestamp": "2024-08-15T14:55:23.354751"}}
{"time": "2024-08-15 20:25:23,432", "level": "DEBUG", "message": {"transaction_id": 374681, "user_id": 9194, "amount": 358.41, "currency": "EUR", "status": "FAILED", "timestamp": "2024-08-15T14:55:23.432093"}}
{"time": "2024-08-15 20:25:23,455", "level": "DEBUG", "message": {"transaction_id": 355439, "user_id": 6447, "amount": 714.55, "currency": "GBP", "status": "FAILED", "timestamp": "2024-08-15T14:55:23.455988"}}
{"time": "2024-08-15 20:25:23,534", "level": "DEBUG", "message": {"transaction_id": 457555, "user_id": 9999, "amount": 948.96, "currency": "GBP", "status": "SUCCESS", "timestamp": "2024-08-15T14:55:23.534475"}}
{"time": "2024-08-15 20:25:23,556", "level": "DEBUG", "message": {"transaction_id": 431723, "user_id": 8897, "amount": 455.32, "currency": "USD", "status": "SUCCESS", "timestamp": "2024-08-15T14:55:23.556982"}}
{"time": "2024-08-15 20:25:23,637", "level": "DEBUG", "message": {"transaction_id": 391931, "user_id": 3466, "amount": 312.61, "currency": "EUR", "status": "PENDING", "timestamp": "2024-08-15T14:55:23.637270"}}
{"time": "2024-08-15 20:25:23,658", "level": "DEBUG", "message": {"transaction_id": 969479, "user_id": 8470, "amount": 907.37, "currency": "GBP", "status": "SUCCESS", "timestamp": "2024-08-15T14:55:23.658132"}}
{"time": "2024-08-15 20:25:23,738", "level": "DEBUG", "message": {"transaction_id": 151535, "user_id": 5891, "amount": 382.53, "currency": "EUR", "status": "FAILED", "timestamp": "2024-08-15T14:55:23.738496"}}
{"time": "2024-08-15 20:25:23,759", "level": "DEBUG", "message": {"transaction_id": 985545, "user_id": 4183, "amount": 556.41, "currency": "EUR", "status": "PENDING", "timestamp": "2024-08-15T14:55:23.759492"}}
{"time": "2024-08-15 20:25:23,839", "level": "DEBUG", "message": {"transaction_id": 174142, "user_id": 4715, "amount": 913.55, "currency": "USD", "status": "SUCCESS", "timestamp": "2024-08-15T14:55:23.839792"}}
{"time": "2024-08-15 20:25:23,860", "level": "DEBUG", "message": {"transaction_id": 549352, "user_id": 6306, "amount": 129.13, "currency": "EUR", "status": "PENDING", "timestamp": "2024-08-15T14:55:23.860541"}}
{"time": "2024-08-15 20:25:23,941", "level": "DEBUG", "message": {"transaction_id": 688982, "user_id": 3216, "amount": 578.02, "currency": "USD", "status": "FAILED", "timestamp": "2024-08-15T14:55:23.941050"}}
{"time": "2024-08-15 20:25:23,961", "level": "DEBUG", "message": {"transaction_id": 882322, "user_id": 3552, "amount": 552.89, "currency": "GBP", "status": "FAILED", "timestamp": "2024-08-15T14:55:23.961830"}}
{"time": "2024-08-15 20:25:24,042", "level": "DEBUG", "message": {"transaction_id": 182633, "user_id": 8193, "amount": 309.78, "currency": "USD", "status": "SUCCESS", "timestamp": "2024-08-15T14:55:24.042294"}}
{"time": "2024-08-15 20:25:24,063", "level": "DEBUG", "message": {"transaction_id": 341316, "user_id": 1951, "amount": 198.21, "currency": "EUR", "status": "PENDING", "timestamp": "2024-08-15T14:55:24.063214"}}
{"time": "2024-08-15 20:25:24,143", "level": "DEBUG", "message": {"transaction_id": 450382, "user_id": 9060, "amount": 259.82, "currency": "USD", "status": "SUCCESS", "timestamp": "2024-08-15T14:55:24.143287"}}
{"time": "2024-08-15 20:25:24,164", "level": "DEBUG", "message": {"transaction_id": 438547, "user_id": 5166, "amount": 459.97, "currency": "USD", "status": "FAILED", "timestamp": "2024-08-15T14:55:24.164368"}}
{"time": "2024-08-15 20:25:24,244", "level": "DEBUG", "message": {"transaction_id": 981190, "user_id": 8831, "amount": 918.05, "currency": "USD", "status": "FAILED", "timestamp": "2024-08-15T14:55:24.244526"}}
{"time": "2024-08-15 20:25:24,265", "level": "DEBUG", "message": {"transaction_id": 321631, "user_id": 9396, "amount": 805.74, "currency": "GBP", "status": "SUCCESS", "timestamp": "2024-08-15T14:55:24.265500"}}
{"time": "2024-08-15 20:25:24,345", "level": "DEBUG", "message": {"transaction_id": 692886, "user_id": 4941, "amount": 360.19, "currency": "USD", "status": "FAILED", "timestamp": "2024-08-15T14:55:24.345973"}}
{"time": "2024-08-15 20:25:24,366", "level": "DEBUG", "message": {"transaction_id": 686031, "user_id": 9567, "amount": 141.36, "currency": "GBP", "status": "SUCCESS", "timestamp": "2024-08-15T14:55:24.366460"}}
{"time": "2024-08-15 20:25:24,447", "level": "DEBUG", "message": {"transaction_id": 440463, "user_id": 6406, "amount": 366.0, "currency": "GBP", "status": "PENDING", "timestamp": "2024-08-15T14:55:24.447232"}}
{"time": "2024-08-15 20:25:24,467", "level": "DEBUG", "message": {"transaction_id": 201932, "user_id": 7888, "amount": 25.17, "currency": "GBP", "status": "PENDING", "timestamp": "2024-08-15T14:55:24.467542"}}
{"time": "2024-08-15 20:25:24,548", "level": "DEBUG", "message": {"transaction_id": 757691, "user_id": 5862, "amount": 418.14, "currency": "EUR", "status": "PENDING", "timestamp": "2024-08-15T14:55:24.548201"}}
{"time": "2024-08-15 20:25:24,568", "level": "DEBUG", "message": {"transaction_id": 737346, "user_id": 7678, "amount": 701.5, "currency": "EUR", "status": "PENDING", "timestamp": "2024-08-15T14:55:24.568500"}}
{"time": "2024-08-15 20:25:24,649", "level": "DEBUG", "message": {"transaction_id": 272556, "user_id": 5593, "amount": 868.2, "currency": "GBP", "status": "FAILED", "timestamp": "2024-08-15T14:55:24.649242"}}
{"time": "2024-08-15 20:25:24,669", "level": "DEBUG", "message": {"transaction_id": 156185, "user_id": 5894, "amount": 957.64, "currency": "EUR", "status": "PENDING", "timestamp": "2024-08-15T14:55:24.669660"}}
{"time": "2024-08-15 20:25:24,751", "level": "DEBUG", "message": {"transaction_id": 345879, "user_id": 5343, "amount": 480.98, "currency": "EUR", "status": "FAILED", "timestamp": "2024-08-15T14:55:24.750748"}}
{"time": "2024-08-15 20:25:24,770", "level": "DEBUG", "message": {"transaction_id": 863981, "user_id": 3477, "amount": 45.13, "currency": "GBP", "status": "PENDING", "timestamp": "2024-08-15T14:55:24.770955"}}
{"time": "2024-08-15 20:25:24,852", "level": "DEBUG", "message": {"transaction_id": 910802, "user_id": 5194, "amount": 995.38, "currency": "USD", "status": "FAILED", "timestamp": "2024-08-15T14:55:24.852156"}}
{"time": "2024-08-15 20:25:24,872", "level": "DEBUG", "message": {"transaction_id": 932077, "user_id": 2095, "amount": 737.38, "currency": "GBP", "status": "SUCCESS", "timestamp": "2024-08-15T14:55:24.872278"}}
{"time": "2024-08-15 20:25:24,953", "level": "DEBUG", "message": {"transaction_id": 163549, "user_id": 8649, "amount": 162.98, "currency": "GBP", "status": "PENDING", "timestamp": "2024-08-15T14:55:24.953326"}}
{"time": "2024-08-15 20:25:24,973", "level": "DEBUG", "message": {"transaction_id": 829372, "user_id": 9621, "amount": 647.61, "currency": "GBP", "status": "PENDING", "timestamp": "2024-08-15T14:55:24.973406"}}
{"time": "2024-08-15 20:25:25,054", "level": "DEBUG", "message": {"transaction_id": 923092, "user_id": 3422, "amount": 814.06, "currency": "EUR", "status": "PENDING", "timestamp": "2024-08-15T14:55:25.054673"}}
{"time": "2024-08-15 20:25:25,074", "level": "DEBUG", "message": {"transaction_id": 304293, "user_id": 6196, "amount": 762.97, "currency": "USD", "status": "SUCCESS", "timestamp": "2024-08-15T14:55:25.074342"}}
{"time": "2024-08-15 20:25:25,155", "level": "DEBUG", "message": {"transaction_id": 348219, "user_id": 5828, "amount": 938.53, "currency": "USD", "status": "PENDING", "timestamp": "2024-08-15T14:55:25.155968"}}
{"time": "2024-08-15 20:25:25,175", "level": "DEBUG", "message": {"transaction_id": 656332, "user_id": 6440, "amount": 979.45, "currency": "USD", "status": "SUCCESS", "timestamp": "2024-08-15T14:55:25.175201"}}
{"time": "2024-08-15 20:25:25,257", "level": "DEBUG", "message": {"transaction_id": 543988, "user_id": 8809, "amount": 803.95, "currency": "EUR", "status": "SUCCESS", "timestamp": "2024-08-15T14:55:25.257483"}}
{"time": "2024-08-15 20:25:25,276", "level": "DEBUG", "message": {"transaction_id": 281718, "user_id": 9811, "amount": 982.71, "currency": "EUR", "status": "SUCCESS", "timestamp": "2024-08-15T14:55:25.276487"}}
{"time": "2024-08-15 20:25:25,358", "level": "DEBUG", "message": {"transaction_id": 720667, "user_id": 8783, "amount": 167.83, "currency": "GBP", "status": "FAILED", "timestamp": "2024-08-15T14:55:25.358646"}}
{"time": "2024-08-15 20:25:25,377", "level": "DEBUG", "message": {"transaction_id": 807765, "user_id": 1287, "amount": 39.34, "currency": "USD", "status": "FAILED", "timestamp": "2024-08-15T14:55:25.377436"}}
{"time": "2024-08-15 20:25:25,459", "level": "DEBUG", "message": {"transaction_id": 604008, "user_id": 5996, "amount": 708.63, "currency": "GBP", "status": "SUCCESS", "timestamp": "2024-08-15T14:55:25.459734"}}
{"time": "2024-08-15 20:25:25,479", "level": "DEBUG", "message": {"transaction_id": 378961, "user_id": 2588, "amount": 76.72, "currency": "GBP", "status": "SUCCESS", "timestamp": "2024-08-15T14:55:25.479356"}}
{"time": "2024-08-15 20:25:25,560", "level": "DEBUG", "message": {"transaction_id": 163089, "user_id": 8717, "amount": 601.42, "currency": "GBP", "status": "SUCCESS", "timestamp": "2024-08-15T14:55:25.560595"}}
{"time": "2024-08-15 20:25:25,580", "level": "DEBUG", "message": {"transaction_id": 889263, "user_id": 6547, "amount": 477.67, "currency": "GBP", "status": "FAILED", "timestamp": "2024-08-15T14:55:25.580582"}}
{"time": "2024-08-15 20:25:25,661", "level": "DEBUG", "message": {"transaction_id": 422427, "user_id": 1405, "amount": 677.77, "currency": "USD", "status": "PENDING", "timestamp": "2024-08-15T14:55:25.661704"}}
{"time": "2024-08-15 20:25:25,682", "level": "DEBUG", "message": {"transaction_id": 894729, "user_id": 7993, "amount": 279.82, "currency": "GBP", "status": "FAILED", "timestamp": "2024-08-15T14:55:25.682402"}}
{"time": "2024-08-15 20:25:25,762", "level": "DEBUG", "message": {"transaction_id": 335057, "user_id": 6155, "amount": 813.45, "currency": "USD", "status": "FAILED", "timestamp": "2024-08-15T14:55:25.762985"}}
{"time": "2024-08-15 20:25:25,784", "level": "DEBUG", "message": {"transaction_id": 867199, "user_id": 5166, "amount": 997.13, "currency": "USD", "status": "FAILED", "timestamp": "2024-08-15T14:55:25.784060"}}
{"time": "2024-08-15 20:25:25,864", "level": "DEBUG", "message": {"transaction_id": 815630, "user_id": 2142, "amount": 718.03, "currency": "GBP", "status": "PENDING", "timestamp": "2024-08-15T14:55:25.864476"}}
{"time": "2024-08-15 20:25:25,885", "level": "DEBUG", "message": {"transaction_id": 125292, "user_id": 3650, "amount": 29.12, "currency": "GBP", "status": "PENDING", "timestamp": "2024-08-15T14:55:25.885264"}}
{"time": "2024-08-15 20:25:25,965", "level": "DEBUG", "message": {"transaction_id": 150221, "user_id": 2297, "amount": 850.28, "currency": "GBP", "status": "SUCCESS", "timestamp": "2024-08-15T14:55:25.965838"}}
{"time": "2024-08-15 20:25:25,986", "level": "DEBUG", "message": {"transaction_id": 409291, "user_id": 9549, "amount": 119.57, "currency": "GBP", "status": "SUCCESS", "timestamp": "2024-08-15T14:55:25.986535"}}
{"time": "2024-08-15 20:25:26,067", "level": "DEBUG", "message": {"transaction_id": 431088, "user_id": 7108, "amount": 902.17, "currency": "EUR", "status": "SUCCESS", "timestamp": "2024-08-15T14:55:26.067155"}}
{"time": "2024-08-15 20:25:26,087", "level": "DEBUG", "message": {"transaction_id": 609371, "user_id": 6476, "amount": 435.58, "currency": "EUR", "status": "FAILED", "timestamp": "2024-08-15T14:55:26.087404"}}
{"time": "2024-08-15 20:25:26,168", "level": "DEBUG", "message": {"transaction_id": 979314, "user_id": 7328, "amount": 804.75, "currency": "GBP", "status": "FAILED", "timestamp": "2024-08-15T14:55:26.168581"}}
{"time": "2024-08-15 20:25:26,188", "level": "DEBUG", "message": {"transaction_id": 162205, "user_id": 1069, "amount": 808.94, "currency": "EUR", "status": "PENDING", "timestamp": "2024-08-15T14:55:26.188436"}}
{"time": "2024-08-15 20:25:26,269", "level": "DEBUG", "message": {"transaction_id": 910352, "user_id": 7239, "amount": 917.14, "currency": "EUR", "status": "PENDING", "timestamp": "2024-08-15T14:55:26.269366"}}
{"time": "2024-08-15 20:25:26,289", "level": "DEBUG", "message": {"transaction_id": 751490, "user_id": 3006, "amount": 694.25, "currency": "GBP", "status": "PENDING", "timestamp": "2024-08-15T14:55:26.289248"}}
{"time": "2024-08-15 20:25:26,373", "level": "DEBUG", "message": {"transaction_id": 591311, "user_id": 6835, "amount": 856.47, "currency": "GBP", "status": "SUCCESS", "timestamp": "2024-08-15T14:55:26.373885"}}
{"time": "2024-08-15 20:25:26,406", "level": "DEBUG", "message": {"transaction_id": 225565, "user_id": 4612, "amount": 529.54, "currency": "GBP", "status": "FAILED", "timestamp": "2024-08-15T14:55:26.406515"}}
{"time": "2024-08-15 20:25:26,475", "level": "DEBUG", "message": {"transaction_id": 895448, "user_id": 5426, "amount": 103.24, "currency": "EUR", "status": "SUCCESS", "timestamp": "2024-08-15T14:55:26.475754"}}
{"time": "2024-08-15 20:25:26,509", "level": "DEBUG", "message": {"transaction_id": 873149, "user_id": 9029, "amount": 33.62, "currency": "EUR", "status": "PENDING", "timestamp": "2024-08-15T14:55:26.509933"}}
{"time": "2024-08-15 20:25:26,577", "level": "DEBUG", "message": {"transaction_id": 684220, "user_id": 7375, "amount": 360.07, "currency": "EUR", "status": "FAILED", "timestamp": "2024-08-15T14:55:26.577171"}}
{"time": "2024-08-15 20:25:26,610", "level": "DEBUG", "message": {"transaction_id": 121453, "user_id": 1853, "amount": 326.22, "currency": "USD", "status": "PENDING", "timestamp": "2024-08-15T14:55:26.610775"}}
{"time": "2024-08-15 20:25:26,678", "level": "DEBUG", "message": {"transaction_id": 275871, "user_id": 5711, "amount": 758.31, "currency": "GBP", "status": "FAILED", "timestamp": "2024-08-15T14:55:26.678404"}}
{"time": "2024-08-15 20:25:26,711", "level": "DEBUG", "message": {"transaction_id": 627649, "user_id": 8669, "amount": 340.74, "currency": "EUR", "status": "PENDING", "timestamp": "2024-08-15T14:55:26.711777"}}
{"time": "2024-08-15 20:25:26,779", "level": "DEBUG", "message": {"transaction_id": 704733, "user_id": 3433, "amount": 116.36, "currency": "GBP", "status": "FAILED", "timestamp": "2024-08-15T14:55:26.779546"}}
{"time": "2024-08-15 20:25:26,812", "level": "DEBUG", "message": {"transaction_id": 968432, "user_id": 7948, "amount": 20.94, "currency": "USD", "status": "FAILED", "timestamp": "2024-08-15T14:55:26.812919"}}
{"time": "2024-08-15 20:25:26,882", "level": "DEBUG", "message": {"transaction_id": 145526, "user_id": 7485, "amount": 89.5, "currency": "EUR", "status": "PENDING", "timestamp": "2024-08-15T14:55:26.882448"}}
{"time": "2024-08-15 20:25:26,914", "level": "DEBUG", "message": {"transaction_id": 448544, "user_id": 6731, "amount": 837.54, "currency": "EUR", "status": "PENDING", "timestamp": "2024-08-15T14:55:26.914020"}}
{"time": "2024-08-15 20:25:26,983", "level": "DEBUG", "message": {"transaction_id": 145587, "user_id": 2136, "amount": 961.3, "currency": "USD", "status": "FAILED", "timestamp": "2024-08-15T14:55:26.983547"}}
{"time": "2024-08-15 20:25:27,015", "level": "DEBUG", "message": {"transaction_id": 227928, "user_id": 3632, "amount": 762.85, "currency": "GBP", "status": "FAILED", "timestamp": "2024-08-15T14:55:27.015777"}}
{"time": "2024-08-15 20:25:27,084", "level": "DEBUG", "message": {"transaction_id": 767192, "user_id": 8420, "amount": 748.62, "currency": "GBP", "status": "SUCCESS", "timestamp": "2024-08-15T14:55:27.084651"}}
{"time": "2024-08-15 20:25:27,116", "level": "DEBUG", "message": {"transaction_id": 963081, "user_id": 7797, "amount": 771.41, "currency": "EUR", "status": "SUCCESS", "timestamp": "2024-08-15T14:55:27.116941"}}
{"time": "2024-08-15 20:25:27,185", "level": "DEBUG", "message": {"transaction_id": 204350, "user_id": 2158, "amount": 241.6, "currency": "USD", "status": "FAILED", "timestamp": "2024-08-15T14:55:27.185594"}}
{"time": "2024-08-15 20:25:27,286", "level": "DEBUG", "message": {"transaction_id": 613777, "user_id": 4461, "amount": 810.83, "currency": "EUR", "status": "PENDING", "timestamp": "2024-08-15T14:55:27.286706"}}
